<?xml version="1.0" encoding="UTF-8"?>
<!-- Generated by org.testng.reporters.JUnitReportReporter -->
<testsuite hostname="DESKTOP-K409HTC" failures="0" tests="2" name="test.LandingPageTesting" time="106.997" errors="0" timestamp="2024-07-05T16:28:52 IST" skipped="0">
  <testcase classname="test.LandingPageTesting" name="verifyUserIsAbleToIncreaseTheQuantityOfTheProductInAddToCartPageByUsingTheNumberInput" time="58.064"/>
  <testcase classname="test.LandingPageTesting" name="printTheCheapestAndCostliestPhoneWithItsNameAndPriceOnMobilePhonesPage" time="48.933"/>
</testsuite> <!-- test.LandingPageTesting -->
