<?xml version="1.0" encoding="UTF-8"?>
<!-- Generated by org.testng.reporters.JUnitReportReporter -->
<testsuite hostname="DESKTOP-K409HTC" failures="0" tests="1" name="test.LandingPageTesting" time="15.831" errors="0" timestamp="2024-07-10T15:36:46 IST" skipped="0">
  <testcase classname="test.LandingPageTesting" name="verifyUserIsAbleToSelectWiredHeadphonesFromMainCategoryElectronics" time="15.831"/>
</testsuite> <!-- test.LandingPageTesting -->
