<?xml version="1.0" encoding="UTF-8"?>
<!-- Generated by org.testng.reporters.JUnitReportReporter -->
<testsuite hostname="DESKTOP-K409HTC" failures="0" tests="1" name="test.LandingPageTesting" time="57.471" errors="0" timestamp="2024-07-04T15:54:21 IST" skipped="0">
  <testcase classname="test.LandingPageTesting" name="verifyUserAbleToAddMobileInCartAndThatIsDisplayedInAddToCartPage" time="57.471"/>
</testsuite> <!-- test.LandingPageTesting -->
