<?xml version="1.0" encoding="UTF-8"?>
<!-- Generated by org.testng.reporters.JUnitReportReporter -->
<testsuite hostname="DESKTOP-K409HTC" failures="0" tests="3" name="test.LandingPageTesting" time="27.168" errors="0" timestamp="2024-07-03T18:49:45 IST" skipped="0">
  <testcase classname="test.LandingPageTesting" name="selectMotorolaMobileFromBrandsOptionsFromFilterByUsingSearchFieldOnBrandFilterWindow" time="5.738"/>
  <testcase classname="test.LandingPageTesting" name="selectMobileBrandFromBrandsOptionsFromBrandFilter" time="15.105"/>
  <testcase classname="test.LandingPageTesting" name="selectPriceOfMobileFromTenThousandToTwentyThouandFromPriceFilterSlider" time="6.325"/>
</testsuite> <!-- test.LandingPageTesting -->
