<?xml version="1.0" encoding="UTF-8"?>
<!-- Generated by org.testng.reporters.JUnitReportReporter -->
<testsuite hostname="DESKTOP-K409HTC" failures="0" tests="1" name="test.LandingPageTesting" time="57.946" errors="0" timestamp="2024-07-04T18:14:40 IST" skipped="0">
  <testcase classname="test.LandingPageTesting" name="verifyDiscuoutIsReducedFromThePriceAndValidateTotalAmmoutToBuyMobile" time="57.946"/>
</testsuite> <!-- test.LandingPageTesting -->
