<?xml version="1.0" encoding="UTF-8"?>
<!-- Generated by org.testng.reporters.JUnitReportReporter -->
<testsuite hostname="DESKTOP-K409HTC" failures="0" tests="1" name="test.LandingPageTesting" time="26.222" errors="0" timestamp="2024-07-08T18:45:39 IST" skipped="0">
  <testcase classname="test.LandingPageTesting" name="selectPriceOfMobileFromTenThousandToTwentyThouandFromPriceFilterSlider" time="26.222"/>
</testsuite> <!-- test.LandingPageTesting -->
